#
# There is insufficient memory for the Java Runtime Environment to continue.
# Native memory allocation (malloc) failed to allocate 210416 bytes. Error detail: Chunk::new
# Possible reasons:
#   The system is out of physical RAM or swap space
#   This process is running with CompressedOops enabled, and the Java Heap may be blocking the growth of the native heap
# Possible solutions:
#   Reduce memory load on the system
#   Increase physical memory or swap space
#   Check if swap backing store is full
#   Decrease Java heap size (-Xmx/-Xms)
#   Decrease number of Java threads
#   Decrease Java thread stack sizes (-Xss)
#   Set larger code cache with -XX:ReservedCodeCacheSize=
#   JVM is running with Unscaled Compressed Oops mode in which the Java heap is
#     placed in the first 4GB address space. The Java Heap base address is the
#     maximum limit for the native heap growth. Please use -XX:HeapBaseMinAddress
#     to set the Java Heap base and to place the Java Heap above 4GB virtual address.
# This output file may be truncated or incomplete.
#
#  Out of Memory Error (arena.cpp:191), pid=36796, tid=34340
#
# JRE version: OpenJDK Runtime Environment Microsoft-10800295 (17.0.14+7) (build 17.0.14+7-LTS)
# Java VM: OpenJDK 64-Bit Server VM Microsoft-10800295 (17.0.14+7-LTS, mixed mode, sharing, tiered, compressed oops, compressed class ptrs, g1 gc, windows-amd64)
# No core dump will be written. Minidumps are not enabled by default on client versions of Windows
#

---------------  S U M M A R Y ------------

Command Line: -Xmx64m -Xms64m -Dorg.gradle.appname=gradlew D:\Project\GuardConnect\android\\gradle\wrapper\gradle-wrapper.jar app:installDebug -PreactNativeDevServerPort=8081

Host: AMD Ryzen 7 8840HS w/ Radeon 780M Graphics     , 16 cores, 15G,  Windows 11 , 64 bit Build 26100 (10.0.26100.7920)
Time: Wed Mar 25 22:10:21 2026 GMT Standard Time elapsed time: 5.317858 seconds (0d 0h 0m 5s)

---------------  T H R E A D  ---------------

Current thread (0x00000202f5659720):  JavaThread "C2 CompilerThread0" daemon [_thread_in_native, id=34340, stack(0x000000d9d3000000,0x000000d9d3100000)]


Current CompileTask:
C2:   5317 1439 % !   4       java.util.concurrent.ConcurrentHashMap::transfer @ 96 (849 bytes)

Stack: [0x000000d9d3000000,0x000000d9d3100000]
Native frames: (J=compiled Java code, j=interpreted, Vv=VM code, C=native code)
V  [jvm.dll+0x6886b9]
V  [jvm.dll+0x83f6f8]
V  [jvm.dll+0x8411a3]
V  [jvm.dll+0x841813]
V  [jvm.dll+0x2495cf]
V  [jvm.dll+0xad0d4]
V  [jvm.dll+0xad76c]
V  [jvm.dll+0x2b0d0f]
V  [jvm.dll+0x58e669]
V  [jvm.dll+0x223852]
V  [jvm.dll+0x223c4f]
V  [jvm.dll+0x21c9f0]
V  [jvm.dll+0x219b1b]
V  [jvm.dll+0x1a5596]
V  [jvm.dll+0x22a27a]
V  [jvm.dll+0x2283bb]
V  [jvm.dll+0x7f4f48]
V  [jvm.dll+0x7ef2ac]
V  [jvm.dll+0x687597]
C  [ucrtbase.dll+0x37b0]
C  [KERNEL32.DLL+0x2e8d7]
C  [ntdll.dll+0x8c48c]


---------------  P R O C E S S  ---------------

Threads class SMR info:
_java_thread_list=0x00000202fb5dabd0, length=17, elements={
0x00000202ea16f5f0, 0x00000202f5631a30, 0x00000202f5633160, 0x00000202f564c530,
0x00000202f564ef00, 0x00000202f5650430, 0x00000202f5653420, 0x00000202f5659720,
0x00000202f5667580, 0x00000202f5670640, 0x00000202f56faad0, 0x00000202f56f9ae0,
0x00000202f58012c0, 0x00000202f5801a40, 0x00000202f56f8af0, 0x00000202fac879b0,
0x00000202f56fa030
}

Java Threads: ( => current thread )
  0x00000202ea16f5f0 JavaThread "main" [_thread_in_native, id=30556, stack(0x000000d9d2300000,0x000000d9d2400000)]
  0x00000202f5631a30 JavaThread "Reference Handler" daemon [_thread_blocked, id=28492, stack(0x000000d9d2a00000,0x000000d9d2b00000)]
  0x00000202f5633160 JavaThread "Finalizer" daemon [_thread_blocked, id=32172, stack(0x000000d9d2b00000,0x000000d9d2c00000)]
  0x00000202f564c530 JavaThread "Signal Dispatcher" daemon [_thread_blocked, id=25036, stack(0x000000d9d2c00000,0x000000d9d2d00000)]
  0x00000202f564ef00 JavaThread "Attach Listener" daemon [_thread_blocked, id=29556, stack(0x000000d9d2d00000,0x000000d9d2e00000)]
  0x00000202f5650430 JavaThread "Service Thread" daemon [_thread_blocked, id=6972, stack(0x000000d9d2e00000,0x000000d9d2f00000)]
  0x00000202f5653420 JavaThread "Monitor Deflation Thread" daemon [_thread_blocked, id=34308, stack(0x000000d9d2f00000,0x000000d9d3000000)]
=>0x00000202f5659720 JavaThread "C2 CompilerThread0" daemon [_thread_in_native, id=34340, stack(0x000000d9d3000000,0x000000d9d3100000)]
  0x00000202f5667580 JavaThread "C1 CompilerThread0" daemon [_thread_blocked, id=38380, stack(0x000000d9d3100000,0x000000d9d3200000)]
  0x00000202f5670640 JavaThread "Sweeper thread" daemon [_thread_blocked, id=6304, stack(0x000000d9d3200000,0x000000d9d3300000)]
  0x00000202f56faad0 JavaThread "C1 CompilerThread1" daemon [_thread_blocked, id=17132, stack(0x000000d9d3300000,0x000000d9d3400000)]
  0x00000202f56f9ae0 JavaThread "C1 CompilerThread2" daemon [_thread_in_native, id=38928, stack(0x000000d9d3400000,0x000000d9d3500000)]
  0x00000202f58012c0 JavaThread "Notification Thread" daemon [_thread_blocked, id=26012, stack(0x000000d9d3500000,0x000000d9d3600000)]
  0x00000202f5801a40 JavaThread "Common-Cleaner" daemon [_thread_blocked, id=39004, stack(0x000000d9d3700000,0x000000d9d3800000)]
  0x00000202f56f8af0 JavaThread "C1 CompilerThread3" daemon [_thread_blocked, id=38316, stack(0x000000d9d3d00000,0x000000d9d3e00000)]
  0x00000202fac879b0 JavaThread "pool-1-thread-1" [_thread_blocked, id=6684, stack(0x000000d9d3e00000,0x000000d9d3f00000)]
  0x00000202f56fa030 JavaThread "C2 CompilerThread1" daemon [_thread_blocked, id=35500, stack(0x000000d9d4100000,0x000000d9d4200000)]

Other Threads:
  0x00000202f562ade0 VMThread "VM Thread" [stack: 0x000000d9d2900000,0x000000d9d2a00000] [id=20068]
  0x00000202f58017a0 WatcherThread [stack: 0x000000d9d3600000,0x000000d9d3700000] [id=34100]
  0x00000202ea18f540 GCTaskThread "GC Thread#0" [stack: 0x000000d9d2400000,0x000000d9d2500000] [id=27608]
  0x00000202fa01ce60 GCTaskThread "GC Thread#1" [stack: 0x000000d9d3900000,0x000000d9d3a00000] [id=29464]
  0x00000202fa2e5500 GCTaskThread "GC Thread#2" [stack: 0x000000d9d3a00000,0x000000d9d3b00000] [id=33400]
  0x00000202fa2e57c0 GCTaskThread "GC Thread#3" [stack: 0x000000d9d3b00000,0x000000d9d3c00000] [id=18160]
  0x00000202fb13e6a0 GCTaskThread "GC Thread#4" [stack: 0x000000d9d3800000,0x000000d9d3900000] [id=11524]
  0x00000202faf2dcc0 GCTaskThread "GC Thread#5" [stack: 0x000000d9d3c00000,0x000000d9d3d00000] [id=35240]
  0x00000202faf29ca0 GCTaskThread "GC Thread#6" [stack: 0x000000d9d3f00000,0x000000d9d4000000] [id=24624]
  0x00000202fb5bd430 GCTaskThread "GC Thread#7" [stack: 0x000000d9d4000000,0x000000d9d4100000] [id=6592]
  0x00000202ea194110 ConcurrentGCThread "G1 Main Marker" [stack: 0x000000d9d2500000,0x000000d9d2600000] [id=14472]
  0x00000202ea194b30 ConcurrentGCThread "G1 Conc#0" [stack: 0x000000d9d2600000,0x000000d9d2700000] [id=38888]
  0x00000202ea20d8c0 ConcurrentGCThread "G1 Refine#0" [stack: 0x000000d9d2700000,0x000000d9d2800000] [id=31976]
  0x00000202ea2101b0 ConcurrentGCThread "G1 Service" [stack: 0x000000d9d2800000,0x000000d9d2900000] [id=7248]

Threads with active compile tasks:
C2 CompilerThread0     5357 1439 % !   4       java.util.concurrent.ConcurrentHashMap::transfer @ 96 (849 bytes)
C1 CompilerThread1     5357 1532       3       java.util.zip.Inflater::<init> (28 bytes)
C1 CompilerThread2     5357 1530   !   3       java.util.jar.Attributes::read (494 bytes)
C2 CompilerThread1     5357 1531       4       java.lang.StringLatin1::compareToCI (108 bytes)

VM state: not at safepoint (normal execution)

VM Mutex/Monitor currently owned by a thread:  ([mutex/lock_event])
[0x00000202e7d2b870] CodeCache_lock - owner thread: 0x00000202f56faad0

Heap address: 0x00000000fc000000, size: 64 MB, Compressed Oops mode: 32-bit

CDS archive(s) mapped at: [0x000002028f000000-0x000002028fbb0000-0x000002028fbb0000), size 12255232, SharedBaseAddress: 0x000002028f000000, ArchiveRelocationMode: 1.
Compressed class space mapped at: 0x0000020290000000-0x00000202d0000000, reserved size: 1073741824
Narrow klass base: 0x000002028f000000, Narrow klass shift: 0, Narrow klass range: 0x100000000

GC Precious Log:
 CPUs: 16 total, 16 available
 Memory: 15662M
 Large Page Support: Disabled
 NUMA Support: Disabled
 Compressed Oops: Enabled (32-bit)
 Heap Region Size: 1M
 Heap Min Capacity: 64M
 Heap Initial Capacity: 64M
 Heap Max Capacity: 64M
 Pre-touch: Disabled
 Parallel Workers: 13
 Concurrent Workers: 3
 Concurrent Refinement Workers: 13
 Periodic GC: Disabled

Heap:
 garbage-first heap   total 65536K, used 14894K [0x00000000fc000000, 0x0000000100000000)
  region size 1024K, 10 young (10240K), 5 survivors (5120K)
 Metaspace       used 8336K, committed 8576K, reserved 1114112K
  class space    used 1119K, committed 1216K, reserved 1048576K

Heap Regions: E=young(eden), S=young(survivor), O=old, HS=humongous(starts), HC=humongous(continues), CS=collection set, F=free, OA=open archive, CA=closed archive, TAMS=top-at-mark-start (previous, next)
|   0|0x00000000fc000000, 0x00000000fc100000, 0x00000000fc100000|100%|HS|  |TAMS 0x00000000fc000000, 0x00000000fc000000| Complete 
|   1|0x00000000fc100000, 0x00000000fc200000, 0x00000000fc200000|100%|HC|  |TAMS 0x00000000fc100000, 0x00000000fc100000| Complete 
|   2|0x00000000fc200000, 0x00000000fc300000, 0x00000000fc300000|100%|HC|  |TAMS 0x00000000fc200000, 0x00000000fc200000| Complete 
|   3|0x00000000fc300000, 0x00000000fc400000, 0x00000000fc400000|100%| O|  |TAMS 0x00000000fc300000, 0x00000000fc300000| Untracked 
|   4|0x00000000fc400000, 0x00000000fc500000, 0x00000000fc500000|100%| O|  |TAMS 0x00000000fc400000, 0x00000000fc400000| Untracked 
|   5|0x00000000fc500000, 0x00000000fc58ba00, 0x00000000fc600000| 54%| O|  |TAMS 0x00000000fc500000, 0x00000000fc500000| Untracked 
|   6|0x00000000fc600000, 0x00000000fc600000, 0x00000000fc700000|  0%| F|  |TAMS 0x00000000fc600000, 0x00000000fc600000| Untracked 
|   7|0x00000000fc700000, 0x00000000fc700000, 0x00000000fc800000|  0%| F|  |TAMS 0x00000000fc700000, 0x00000000fc700000| Untracked 
|   8|0x00000000fc800000, 0x00000000fc800000, 0x00000000fc900000|  0%| F|  |TAMS 0x00000000fc800000, 0x00000000fc800000| Untracked 
|   9|0x00000000fc900000, 0x00000000fc900000, 0x00000000fca00000|  0%| F|  |TAMS 0x00000000fc900000, 0x00000000fc900000| Untracked 
|  10|0x00000000fca00000, 0x00000000fca00000, 0x00000000fcb00000|  0%| F|  |TAMS 0x00000000fca00000, 0x00000000fca00000| Untracked 
|  11|0x00000000fcb00000, 0x00000000fcb00000, 0x00000000fcc00000|  0%| F|  |TAMS 0x00000000fcb00000, 0x00000000fcb00000| Untracked 
|  12|0x00000000fcc00000, 0x00000000fcc00000, 0x00000000fcd00000|  0%| F|  |TAMS 0x00000000fcc00000, 0x00000000fcc00000| Untracked 
|  13|0x00000000fcd00000, 0x00000000fcd00000, 0x00000000fce00000|  0%| F|  |TAMS 0x00000000fcd00000, 0x00000000fcd00000| Untracked 
|  14|0x00000000fce00000, 0x00000000fce00000, 0x00000000fcf00000|  0%| F|  |TAMS 0x00000000fce00000, 0x00000000fce00000| Untracked 
|  15|0x00000000fcf00000, 0x00000000fcf00000, 0x00000000fd000000|  0%| F|  |TAMS 0x00000000fcf00000, 0x00000000fcf00000| Untracked 
|  16|0x00000000fd000000, 0x00000000fd000000, 0x00000000fd100000|  0%| F|  |TAMS 0x00000000fd000000, 0x00000000fd000000| Untracked 
|  17|0x00000000fd100000, 0x00000000fd100000, 0x00000000fd200000|  0%| F|  |TAMS 0x00000000fd100000, 0x00000000fd100000| Untracked 
|  18|0x00000000fd200000, 0x00000000fd200000, 0x00000000fd300000|  0%| F|  |TAMS 0x00000000fd200000, 0x00000000fd200000| Untracked 
|  19|0x00000000fd300000, 0x00000000fd300000, 0x00000000fd400000|  0%| F|  |TAMS 0x00000000fd300000, 0x00000000fd300000| Untracked 
|  20|0x00000000fd400000, 0x00000000fd400000, 0x00000000fd500000|  0%| F|  |TAMS 0x00000000fd400000, 0x00000000fd400000| Untracked 
|  21|0x00000000fd500000, 0x00000000fd500000, 0x00000000fd600000|  0%| F|  |TAMS 0x00000000fd500000, 0x00000000fd500000| Untracked 
|  22|0x00000000fd600000, 0x00000000fd600000, 0x00000000fd700000|  0%| F|  |TAMS 0x00000000fd600000, 0x00000000fd600000| Untracked 
|  23|0x00000000fd700000, 0x00000000fd700000, 0x00000000fd800000|  0%| F|  |TAMS 0x00000000fd700000, 0x00000000fd700000| Untracked 
|  24|0x00000000fd800000, 0x00000000fd800000, 0x00000000fd900000|  0%| F|  |TAMS 0x00000000fd800000, 0x00000000fd800000| Untracked 
|  25|0x00000000fd900000, 0x00000000fd900000, 0x00000000fda00000|  0%| F|  |TAMS 0x00000000fd900000, 0x00000000fd900000| Untracked 
|  26|0x00000000fda00000, 0x00000000fdb00000, 0x00000000fdb00000|100%| S|CS|TAMS 0x00000000fda00000, 0x00000000fda00000| Complete 
|  27|0x00000000fdb00000, 0x00000000fdc00000, 0x00000000fdc00000|100%| S|CS|TAMS 0x00000000fdb00000, 0x00000000fdb00000| Complete 
|  28|0x00000000fdc00000, 0x00000000fdd00000, 0x00000000fdd00000|100%| S|CS|TAMS 0x00000000fdc00000, 0x00000000fdc00000| Complete 
|  29|0x00000000fdd00000, 0x00000000fde00000, 0x00000000fde00000|100%| S|CS|TAMS 0x00000000fdd00000, 0x00000000fdd00000| Complete 
|  30|0x00000000fde00000, 0x00000000fdf00000, 0x00000000fdf00000|100%| S|CS|TAMS 0x00000000fde00000, 0x00000000fde00000| Complete 
|  31|0x00000000fdf00000, 0x00000000fdf00000, 0x00000000fe000000|  0%| F|  |TAMS 0x00000000fdf00000, 0x00000000fdf00000| Untracked 
|  32|0x00000000fe000000, 0x00000000fe000000, 0x00000000fe100000|  0%| F|  |TAMS 0x00000000fe000000, 0x00000000fe000000| Untracked 
|  33|0x00000000fe100000, 0x00000000fe100000, 0x00000000fe200000|  0%| F|  |TAMS 0x00000000fe100000, 0x00000000fe100000| Untracked 
|  34|0x00000000fe200000, 0x00000000fe200000, 0x00000000fe300000|  0%| F|  |TAMS 0x00000000fe200000, 0x00000000fe200000| Untracked 
|  35|0x00000000fe300000, 0x00000000fe300000, 0x00000000fe400000|  0%| F|  |TAMS 0x00000000fe300000, 0x00000000fe300000| Untracked 
|  36|0x00000000fe400000, 0x00000000fe400000, 0x00000000fe500000|  0%| F|  |TAMS 0x00000000fe400000, 0x00000000fe400000| Untracked 
|  37|0x00000000fe500000, 0x00000000fe500000, 0x00000000fe600000|  0%| F|  |TAMS 0x00000000fe500000, 0x00000000fe500000| Untracked 
|  38|0x00000000fe600000, 0x00000000fe600000, 0x00000000fe700000|  0%| F|  |TAMS 0x00000000fe600000, 0x00000000fe600000| Untracked 
|  39|0x00000000fe700000, 0x00000000fe700000, 0x00000000fe800000|  0%| F|  |TAMS 0x00000000fe700000, 0x00000000fe700000| Untracked 
|  40|0x00000000fe800000, 0x00000000fe800000, 0x00000000fe900000|  0%| F|  |TAMS 0x00000000fe800000, 0x00000000fe800000| Untracked 
|  41|0x00000000fe900000, 0x00000000fe900000, 0x00000000fea00000|  0%| F|  |TAMS 0x00000000fe900000, 0x00000000fe900000| Untracked 
|  42|0x00000000fea00000, 0x00000000fea00000, 0x00000000feb00000|  0%| F|  |TAMS 0x00000000fea00000, 0x00000000fea00000| Untracked 
|  43|0x00000000feb00000, 0x00000000feb00000, 0x00000000fec00000|  0%| F|  |TAMS 0x00000000feb00000, 0x00000000feb00000| Untracked 
|  44|0x00000000fec00000, 0x00000000fec00000, 0x00000000fed00000|  0%| F|  |TAMS 0x00000000fec00000, 0x00000000fec00000| Untracked 
|  45|0x00000000fed00000, 0x00000000fed00000, 0x00000000fee00000|  0%| F|  |TAMS 0x00000000fed00000, 0x00000000fed00000| Untracked 
|  46|0x00000000fee00000, 0x00000000fee00000, 0x00000000fef00000|  0%| F|  |TAMS 0x00000000fee00000, 0x00000000fee00000| Untracked 
|  47|0x00000000fef00000, 0x00000000fef00000, 0x00000000ff000000|  0%| F|  |TAMS 0x00000000fef00000, 0x00000000fef00000| Untracked 
|  48|0x00000000ff000000, 0x00000000ff000000, 0x00000000ff100000|  0%| F|  |TAMS 0x00000000ff000000, 0x00000000ff000000| Untracked 
|  49|0x00000000ff100000, 0x00000000ff100000, 0x00000000ff200000|  0%| F|  |TAMS 0x00000000ff100000, 0x00000000ff100000| Untracked 
|  50|0x00000000ff200000, 0x00000000ff200000, 0x00000000ff300000|  0%| F|  |TAMS 0x00000000ff200000, 0x00000000ff200000| Untracked 
|  51|0x00000000ff300000, 0x00000000ff300000, 0x00000000ff400000|  0%| F|  |TAMS 0x00000000ff300000, 0x00000000ff300000| Untracked 
|  52|0x00000000ff400000, 0x00000000ff400000, 0x00000000ff500000|  0%| F|  |TAMS 0x00000000ff400000, 0x00000000ff400000| Untracked 
|  53|0x00000000ff500000, 0x00000000ff500000, 0x00000000ff600000|  0%| F|  |TAMS 0x00000000ff500000, 0x00000000ff500000| Untracked 
|  54|0x00000000ff600000, 0x00000000ff600000, 0x00000000ff700000|  0%| F|  |TAMS 0x00000000ff600000, 0x00000000ff600000| Untracked 
|  55|0x00000000ff700000, 0x00000000ff700000, 0x00000000ff800000|  0%| F|  |TAMS 0x00000000ff700000, 0x00000000ff700000| Untracked 
|  56|0x00000000ff800000, 0x00000000ff800000, 0x00000000ff900000|  0%| F|  |TAMS 0x00000000ff800000, 0x00000000ff800000| Untracked 
|  57|0x00000000ff900000, 0x00000000ff900000, 0x00000000ffa00000|  0%| F|  |TAMS 0x00000000ff900000, 0x00000000ff900000| Untracked 
|  58|0x00000000ffa00000, 0x00000000ffa00000, 0x00000000ffb00000|  0%| F|  |TAMS 0x00000000ffa00000, 0x00000000ffa00000| Untracked 
|  59|0x00000000ffb00000, 0x00000000ffc00000, 0x00000000ffc00000|100%| E|  |TAMS 0x00000000ffb00000, 0x00000000ffb00000| Complete 
|  60|0x00000000ffc00000, 0x00000000ffd00000, 0x00000000ffd00000|100%| E|CS|TAMS 0x00000000ffc00000, 0x00000000ffc00000| Complete 
|  61|0x00000000ffd00000, 0x00000000ffe00000, 0x00000000ffe00000|100%| E|CS|TAMS 0x00000000ffd00000, 0x00000000ffd00000| Complete 
|  62|0x00000000ffe00000, 0x00000000fff00000, 0x00000000fff00000|100%| E|CS|TAMS 0x00000000ffe00000, 0x00000000ffe00000| Complete 
|  63|0x00000000fff00000, 0x0000000100000000, 0x0000000100000000|100%| E|CS|TAMS 0x00000000fff00000, 0x00000000fff00000| Complete 

Card table byte_map: [0x00000202ea050000,0x00000202ea070000] _byte_map_base: 0x00000202e9870000

Marking Bits (Prev, Next): (CMBitMap*) 0x00000202ea18fb60, (CMBitMap*) 0x00000202ea18fba0
 Prev Bits: [0x00000202f2530000, 0x00000202f2630000)
 Next Bits: [0x00000202f2630000, 0x00000202f2730000)

Polling page: 0x00000202e7ff0000

Metaspace:

Usage:
  Non-class:      7.05 MB used.
      Class:      1.09 MB used.
       Both:      8.14 MB used.

Virtual space:
  Non-class space:       64.00 MB reserved,       7.19 MB ( 11%) committed,  1 nodes.
      Class space:        1.00 GB reserved,       1.19 MB ( <1%) committed,  1 nodes.
             Both:        1.06 GB reserved,       8.38 MB ( <1%) committed. 

Chunk freelists:
   Non-Class:  8.16 MB
       Class:  14.83 MB
        Both:  22.98 MB

MaxMetaspaceSize: unlimited
CompressedClassSpaceSize: 1.00 GB
Initial GC threshold: 21.00 MB
Current GC threshold: 21.00 MB
CDS: on
MetaspaceReclaimPolicy: balanced
 - commit_granule_bytes: 65536.
 - commit_granule_words: 8192.
 - virtual_space_node_default_size: 8388608.
 - enlarge_chunks_in_place: 1.
 - new_chunks_are_fully_committed: 0.
 - uncommit_free_chunks: 1.
 - use_allocation_guard: 0.
 - handle_deallocations: 1.


Internal statistics:

num_allocs_failed_limit: 0.
num_arena_births: 68.
num_arena_deaths: 0.
num_vsnodes_births: 2.
num_vsnodes_deaths: 0.
num_space_committed: 134.
num_space_uncommitted: 0.
num_chunks_returned_to_freelist: 0.
num_chunks_taken_from_freelist: 291.
num_chunk_merges: 0.
num_chunk_splits: 188.
num_chunks_enlarged: 162.
num_inconsistent_stats: 0.

CodeHeap 'non-profiled nmethods': size=119168Kb used=681Kb max_used=681Kb free=118486Kb
 bounds [0x0000020287ba0000, 0x0000020287e10000, 0x000002028f000000]
CodeHeap 'profiled nmethods': size=119104Kb used=2967Kb max_used=2967Kb free=116136Kb
 bounds [0x0000020280000000, 0x00000202802f0000, 0x0000020287450000]
CodeHeap 'non-nmethods': size=7488Kb used=2863Kb max_used=2878Kb free=4624Kb
 bounds [0x0000020287450000, 0x0000020287730000, 0x0000020287ba0000]
 total_blobs=1992 nmethods=1533 adapters=369
 compilation: enabled
              stopped_count=0, restarted_count=0
 full_count=0

Compilation events (20 events):
Event: 3.282 Thread 0x00000202f56f8af0 nmethod 1482 0x00000202802bb810 code [0x00000202802bbb80, 0x00000202802bd4e8]
Event: 3.282 Thread 0x00000202f56f8af0 1480       3       sun.util.locale.LocaleUtils::isEmpty (19 bytes)
Event: 3.283 Thread 0x00000202f56faad0 nmethod 1493 0x00000202802beb90 code [0x00000202802bed80, 0x00000202802bf3b8]
Event: 3.283 Thread 0x00000202f56faad0 1491       3       sun.util.locale.StringTokenIterator::<init> (41 bytes)
Event: 3.283 Thread 0x00000202f56f8af0 nmethod 1480 0x00000202802bf610 code [0x00000202802bf7c0, 0x00000202802bfa08]
Event: 3.283 Thread 0x00000202f56f8af0 1494       3       sun.util.locale.LanguageTag::parseExtlangs (114 bytes)
Event: 3.283 Thread 0x00000202f56f9ae0 nmethod 1499 0x00000202802bfb10 code [0x00000202802bfd20, 0x00000202802c0468]
Event: 3.283 Thread 0x00000202f56f9ae0 1481       3       sun.util.locale.LocaleUtils::isEmpty (19 bytes)
Event: 3.284 Thread 0x00000202f56f9ae0 nmethod 1481 0x00000202802c1390 code [0x00000202802c1540, 0x00000202802c1788]
Event: 3.284 Thread 0x00000202f56faad0 nmethod 1491 0x00000202802c0690 code [0x00000202802c08c0, 0x00000202802c1088]
Event: 3.284 Thread 0x00000202f56f9ae0 1476       3       sun.util.locale.LanguageTag::getExtlangs (24 bytes)
Event: 3.284 Thread 0x00000202f56faad0 1477       3       sun.util.locale.LanguageTag::getVariants (24 bytes)
Event: 3.285 Thread 0x00000202f56f8af0 nmethod 1494 0x00000202802c1890 code [0x00000202802c1ae0, 0x00000202802c2578]
Event: 3.285 Thread 0x00000202f56f9ae0 nmethod 1476 0x00000202802c2890 code [0x00000202802c2a60, 0x00000202802c2d38]
Event: 3.285 Thread 0x00000202f56faad0 nmethod 1477 0x00000202802c2e10 code [0x00000202802c2fe0, 0x00000202802c32b8]
Event: 3.285 Thread 0x00000202f56f9ae0 1478       3       sun.util.locale.LanguageTag::getExtensions (24 bytes)
Event: 3.285 Thread 0x00000202f56f8af0 1495       3       sun.util.locale.InternalLocaleBuilder::setLanguageTag (173 bytes)
Event: 3.285 Thread 0x00000202f56faad0 1496       3       sun.util.locale.InternalLocaleBuilder::getBaseLocale (187 bytes)
Event: 3.285 Thread 0x00000202f56f9ae0 nmethod 1478 0x00000202802c3390 code [0x00000202802c3560, 0x00000202802c3838]
Event: 3.285 Thread 0x00000202f56f9ae0 1497       3       sun.util.locale.LanguageTag::parseScript (55 bytes)

GC Heap History (4 events):
Event: 1.716 GC heap before
{Heap before GC invocations=0 (full 0):
 garbage-first heap   total 65536K, used 22528K [0x00000000fc000000, 0x0000000100000000)
  region size 1024K, 23 young (23552K), 0 survivors (0K)
 Metaspace       used 1708K, committed 1856K, reserved 1114112K
  class space    used 157K, committed 192K, reserved 1048576K
}
Event: 1.721 GC heap after
{Heap after GC invocations=1 (full 0):
 garbage-first heap   total 65536K, used 1856K [0x00000000fc000000, 0x0000000100000000)
  region size 1024K, 2 young (2048K), 2 survivors (2048K)
 Metaspace       used 1708K, committed 1856K, reserved 1114112K
  class space    used 157K, committed 192K, reserved 1048576K
}
Event: 2.992 GC heap before
{Heap before GC invocations=1 (full 0):
 garbage-first heap   total 65536K, used 36672K [0x00000000fc000000, 0x0000000100000000)
  region size 1024K, 33 young (33792K), 2 survivors (2048K)
 Metaspace       used 7687K, committed 7808K, reserved 1114112K
  class space    used 1039K, committed 1088K, reserved 1048576K
}
Event: 2.997 GC heap after
{Heap after GC invocations=2 (full 0):
 garbage-first heap   total 65536K, used 10798K [0x00000000fc000000, 0x0000000100000000)
  region size 1024K, 5 young (5120K), 5 survivors (5120K)
 Metaspace       used 7687K, committed 7808K, reserved 1114112K
  class space    used 1039K, committed 1088K, reserved 1048576K
}

Dll operation events (12 events):
Event: 0.031 Loaded shared library C:\Program Files\Microsoft\jdk-17.0.14.7-hotspot\bin\java.dll
Event: 0.087 Loaded shared library C:\Program Files\Microsoft\jdk-17.0.14.7-hotspot\bin\jsvml.dll
Event: 0.135 Loaded shared library C:\Program Files\Microsoft\jdk-17.0.14.7-hotspot\bin\net.dll
Event: 0.138 Loaded shared library C:\Program Files\Microsoft\jdk-17.0.14.7-hotspot\bin\nio.dll
Event: 0.143 Loaded shared library C:\Program Files\Microsoft\jdk-17.0.14.7-hotspot\bin\zip.dll
Event: 1.723 Loaded shared library C:\Program Files\Microsoft\jdk-17.0.14.7-hotspot\bin\jimage.dll
Event: 2.326 Loaded shared library C:\Program Files\Microsoft\jdk-17.0.14.7-hotspot\bin\management.dll
Event: 2.330 Loaded shared library C:\Program Files\Microsoft\jdk-17.0.14.7-hotspot\bin\management_ext.dll
Event: 2.384 Loaded shared library C:\Program Files\Microsoft\jdk-17.0.14.7-hotspot\bin\verify.dll
Event: 2.397 Loaded shared library C:\Users\ather\.gradle\native\1def1411415f61bf3af743bc5b6707747c0891f09f0c88961ee8f79bc544acac\windows-amd64\native-platform.dll
Event: 2.450 Loaded shared library C:\Users\ather\.gradle\native\jansi\1.18\windows64\jansi.dll
Event: 2.869 Loaded shared library C:\Program Files\Microsoft\jdk-17.0.14.7-hotspot\bin\extnet.dll

Deoptimization events (20 events):
Event: 2.606 Thread 0x00000202ea16f5f0 DEOPT PACKING pc=0x0000020287c33630 sp=0x000000d9d23fca20
Event: 2.606 Thread 0x00000202ea16f5f0 DEOPT UNPACKING pc=0x00000202874aa1a3 sp=0x000000d9d23fc9b8 mode 2
Event: 2.880 Thread 0x00000202ea16f5f0 DEOPT PACKING pc=0x0000020280189f60 sp=0x000000d9d23fb300
Event: 2.880 Thread 0x00000202ea16f5f0 DEOPT UNPACKING pc=0x00000202874aace3 sp=0x000000d9d23fa818 mode 0
Event: 3.001 Thread 0x00000202ea16f5f0 Uncommon trap: trap_request=0xffffffde fr.pc=0x0000020287bda2f4 relative=0x0000000000000074
Event: 3.001 Thread 0x00000202ea16f5f0 Uncommon trap: reason=class_check action=maybe_recompile pc=0x0000020287bda2f4 method=java.util.AbstractList$Itr.hasNext()Z @ 8 c2
Event: 3.001 Thread 0x00000202ea16f5f0 DEOPT PACKING pc=0x0000020287bda2f4 sp=0x000000d9d23fc740
Event: 3.001 Thread 0x00000202ea16f5f0 DEOPT UNPACKING pc=0x00000202874aa1a3 sp=0x000000d9d23fc6d8 mode 2
Event: 3.001 Thread 0x00000202ea16f5f0 Uncommon trap: trap_request=0xffffffde fr.pc=0x0000020287bdeb54 relative=0x00000000000000b4
Event: 3.001 Thread 0x00000202ea16f5f0 Uncommon trap: reason=class_check action=maybe_recompile pc=0x0000020287bdeb54 method=java.util.AbstractList$Itr.next()Ljava/lang/Object; @ 14 c2
Event: 3.001 Thread 0x00000202ea16f5f0 DEOPT PACKING pc=0x0000020287bdeb54 sp=0x000000d9d23fc730
Event: 3.001 Thread 0x00000202ea16f5f0 DEOPT UNPACKING pc=0x00000202874aa1a3 sp=0x000000d9d23fc6c8 mode 2
Event: 3.092 Thread 0x00000202ea16f5f0 Uncommon trap: trap_request=0xffffff45 fr.pc=0x0000020287c3bd78 relative=0x00000000000001b8
Event: 3.092 Thread 0x00000202ea16f5f0 Uncommon trap: reason=unstable_if action=reinterpret pc=0x0000020287c3bd78 method=java.io.WinNTFileSystem.normalize(Ljava/lang/String;)Ljava/lang/String; @ 128 c2
Event: 3.092 Thread 0x00000202ea16f5f0 DEOPT PACKING pc=0x0000020287c3bd78 sp=0x000000d9d23fc1d0
Event: 3.092 Thread 0x00000202ea16f5f0 DEOPT UNPACKING pc=0x00000202874aa1a3 sp=0x000000d9d23fc148 mode 2
Event: 3.092 Thread 0x00000202ea16f5f0 Uncommon trap: trap_request=0xffffff45 fr.pc=0x0000020287c254f8 relative=0x0000000000001938
Event: 3.092 Thread 0x00000202ea16f5f0 Uncommon trap: reason=unstable_if action=reinterpret pc=0x0000020287c254f8 method=java.io.WinNTFileSystem.normalize(Ljava/lang/String;II)Ljava/lang/String; @ 87 c2
Event: 3.092 Thread 0x00000202ea16f5f0 DEOPT PACKING pc=0x0000020287c254f8 sp=0x000000d9d23fc0a0
Event: 3.092 Thread 0x00000202ea16f5f0 DEOPT UNPACKING pc=0x00000202874aa1a3 sp=0x000000d9d23fc0a0 mode 2

Classes loaded (20 events):
Event: 3.096 Loading class sun/nio/fs/WindowsPath$WindowsPathWithAttributes
Event: 3.096 Loading class sun/nio/fs/BasicFileAttributesHolder
Event: 3.096 Loading class sun/nio/fs/BasicFileAttributesHolder done
Event: 3.096 Loading class sun/nio/fs/WindowsPath$WindowsPathWithAttributes done
Event: 3.229 Loading class sun/security/provider/AbstractDrbg$NonceProvider
Event: 3.229 Loading class sun/security/provider/AbstractDrbg$NonceProvider done
Event: 3.229 Loading class sun/security/provider/SHA2$SHA256
Event: 3.230 Loading class sun/security/provider/SHA2
Event: 3.230 Loading class sun/security/provider/SHA2 done
Event: 3.230 Loading class sun/security/provider/SHA2$SHA256 done
Event: 3.238 Loading class java/nio/channels/OverlappingFileLockException
Event: 3.238 Loading class java/nio/channels/OverlappingFileLockException done
Event: 3.238 Loading class java/io/EOFException
Event: 3.238 Loading class java/io/EOFException done
Event: 3.262 Loading class sun/util/calendar/ZoneInfoFile$Checksum
Event: 3.262 Loading class sun/util/calendar/ZoneInfoFile$Checksum done
Event: 3.265 Loading class jdk/internal/module/ModulePatcher$PatchedModuleReader
Event: 3.266 Loading class jdk/internal/module/ModulePatcher$PatchedModuleReader done
Event: 3.266 Loading class sun/net/www/protocol/jrt/Handler
Event: 3.266 Loading class sun/net/www/protocol/jrt/Handler done

Classes unloaded (0 events):
No events

Classes redefined (0 events):
No events

Internal exceptions (18 events):
Event: 0.318 Thread 0x00000202ea16f5f0 Exception <a 'java/lang/NoSuchMethodError'{0x00000000ffcea218}: 'int java.lang.invoke.DirectMethodHandle$Holder.invokeStaticInit(java.lang.Object, java.lang.Object)'> (0x00000000ffcea218) 
thrown [s\src\hotspot\share\interpreter\linkResolver.cpp, line 759]
Event: 2.210 Thread 0x00000202ea16f5f0 Exception <a 'java/lang/NoSuchMethodError'{0x00000000ff3515f0}: 'int java.lang.invoke.DirectMethodHandle$Holder.invokeStatic(java.lang.Object, java.lang.Object, int)'> (0x00000000ff3515f0) 
thrown [s\src\hotspot\share\interpreter\linkResolver.cpp, line 759]
Event: 2.323 Thread 0x00000202ea16f5f0 Exception <a 'java/lang/NoSuchMethodError'{0x00000000fef2d788}: 'java.lang.Object java.lang.invoke.DirectMethodHandle$Holder.invokeStaticInit(java.lang.Object)'> (0x00000000fef2d788) 
thrown [s\src\hotspot\share\interpreter\linkResolver.cpp, line 759]
Event: 2.343 Thread 0x00000202ea16f5f0 Exception <a 'java/lang/NoSuchMethodError'{0x00000000fef48478}: 'int java.lang.invoke.DirectMethodHandle$Holder.invokeSpecial(java.lang.Object, java.lang.Object, java.lang.Object)'> (0x00000000fef48478) 
thrown [s\src\hotspot\share\interpreter\linkResolver.cpp, line 759]
Event: 2.352 Thread 0x00000202ea16f5f0 Exception <a 'java/lang/NoSuchMethodError'{0x00000000fef85560}: 'void java.lang.invoke.DirectMethodHandle$Holder.invokeStatic(java.lang.Object, java.lang.Object)'> (0x00000000fef85560) 
thrown [s\src\hotspot\share\interpreter\linkResolver.cpp, line 759]
Event: 2.355 Thread 0x00000202ea16f5f0 Implicit null exception at 0x0000020287c0548a to 0x0000020287c059d0
Event: 2.411 Thread 0x00000202ea16f5f0 Exception <a 'java/lang/NoSuchMethodError'{0x00000000fed34a40}: 'java.lang.Object java.lang.invoke.Invokers$Holder.invoker(java.lang.Object, java.lang.Object, java.lang.Object)'> (0x00000000fed34a40) 
thrown [s\src\hotspot\share\interpreter\linkResolver.cpp, line 759]
Event: 2.413 Thread 0x00000202ea16f5f0 Exception <a 'java/lang/NoSuchMethodError'{0x00000000fed3db98}: 'java.lang.Object java.lang.invoke.DirectMethodHandle$Holder.invokeStatic(java.lang.Object, java.lang.Object, int)'> (0x00000000fed3db98) 
thrown [s\src\hotspot\share\interpreter\linkResolver.cpp, line 759]
Event: 2.414 Thread 0x00000202ea16f5f0 Exception <a 'java/lang/NoSuchMethodError'{0x00000000fed49888}: 'void java.lang.invoke.DelegatingMethodHandle$Holder.delegate(java.lang.Object, java.lang.Object, int, java.lang.Object)'> (0x00000000fed49888) 
thrown [s\src\hotspot\share\interpreter\linkResolver.cpp, line 759]
Event: 2.417 Thread 0x00000202ea16f5f0 Exception <a 'java/lang/NoSuchMethodError'{0x00000000fed5ced0}: 'java.lang.Object java.lang.invoke.Invokers$Holder.invokeExact_MT(java.lang.Object, java.lang.Object, java.lang.Object, java.lang.Object)'> (0x00000000fed5ced0) 
thrown [s\src\hotspot\share\interpreter\linkResolver.cpp, line 759]
Event: 2.427 Thread 0x00000202ea16f5f0 Exception <a 'java/lang/NoSuchMethodError'{0x00000000fed8bc70}: 'java.lang.Object java.lang.invoke.DirectMethodHandle$Holder.invokeVirtual(java.lang.Object, java.lang.Object, java.lang.Object)'> (0x00000000fed8bc70) 
thrown [s\src\hotspot\share\interpreter\linkResolver.cpp, line 759]
Event: 2.543 Thread 0x00000202ea16f5f0 Exception <a 'java/lang/NoSuchMethodError'{0x00000000fe94d340}: 'java.lang.Object java.lang.invoke.DirectMethodHandle$Holder.newInvokeSpecial(java.lang.Object, java.lang.Object, java.lang.Object, java.lang.Object, java.lang.Object)'> (0x00000000fe94d340) 
thrown [s\src\hotspot\share\interpreter\linkResolver.cpp, line 759]
Event: 2.577 Thread 0x00000202ea16f5f0 Exception <a 'java/lang/NoSuchMethodError'{0x00000000fe681308}: 'void java.lang.invoke.DirectMethodHandle$Holder.invokeSpecial(java.lang.Object, java.lang.Object, java.lang.Object)'> (0x00000000fe681308) 
thrown [s\src\hotspot\share\interpreter\linkResolver.cpp, line 759]
Event: 2.580 Thread 0x00000202ea16f5f0 Implicit null exception at 0x0000020287becf0f to 0x0000020287bed450
Event: 2.594 Thread 0x00000202ea16f5f0 Implicit null exception at 0x0000020287bd788f to 0x0000020287bd7909
Event: 2.873 Thread 0x00000202ea16f5f0 Exception <a 'java/lang/NoSuchMethodError'{0x00000000fe33b810}: 'void java.lang.invoke.DirectMethodHandle$Holder.invokeStatic(java.lang.Object, java.lang.Object, java.lang.Object)'> (0x00000000fe33b810) 
thrown [s\src\hotspot\share\interpreter\linkResolver.cpp, line 759]
Event: 3.006 Thread 0x00000202ea16f5f0 Exception <a 'java/lang/NoSuchMethodError'{0x00000000fff23ba8}: 'java.lang.Object java.lang.invoke.DirectMethodHandle$Holder.invokeStaticInit(java.lang.Object, int, int, int, int)'> (0x00000000fff23ba8) 
thrown [s\src\hotspot\share\interpreter\linkResolver.cpp, line 759]
Event: 3.227 Thread 0x00000202ea16f5f0 Exception <a 'java/lang/NoSuchMethodError'{0x00000000ffe6c340}: 'java.lang.Object java.lang.invoke.DirectMethodHandle$Holder.invokeStaticInit(java.lang.Object, java.lang.Object, int, int, int, int)'> (0x00000000ffe6c340) 
thrown [s\src\hotspot\share\interpreter\linkResolver.cpp, line 759]

VM Operations (20 events):
Event: 2.091 Executing VM operation: HandshakeAllThreads done
Event: 2.299 Executing VM operation: HandshakeAllThreads
Event: 2.299 Executing VM operation: HandshakeAllThreads done
Event: 2.303 Executing VM operation: HandshakeAllThreads
Event: 2.303 Executing VM operation: HandshakeAllThreads done
Event: 2.304 Executing VM operation: HandshakeAllThreads
Event: 2.304 Executing VM operation: HandshakeAllThreads done
Event: 2.352 Executing VM operation: HandshakeAllThreads
Event: 2.352 Executing VM operation: HandshakeAllThreads done
Event: 2.412 Executing VM operation: HandshakeAllThreads
Event: 2.412 Executing VM operation: HandshakeAllThreads done
Event: 2.649 Executing VM operation: HandshakeAllThreads
Event: 2.649 Executing VM operation: HandshakeAllThreads done
Event: 2.992 Executing VM operation: G1CollectForAllocation
Event: 2.997 Executing VM operation: G1CollectForAllocation done
Event: 3.097 Executing VM operation: HandshakeAllThreads
Event: 3.097 Executing VM operation: HandshakeAllThreads done
Event: 3.263 Executing VM operation: HandshakeAllThreads
Event: 3.263 Executing VM operation: HandshakeAllThreads done
Event: 4.268 Executing VM operation: Cleanup

Memory protections (0 events):
No events

Nmethod flushes (0 events):
No events

Events (20 events):
Event: 0.094 Thread 0x00000202ea16f5f0 Thread added: 0x00000202f5631a30
Event: 0.094 Thread 0x00000202ea16f5f0 Thread added: 0x00000202f5633160
Event: 0.107 Thread 0x00000202ea16f5f0 Thread added: 0x00000202f564c530
Event: 0.107 Thread 0x00000202ea16f5f0 Thread added: 0x00000202f564ef00
Event: 0.107 Thread 0x00000202ea16f5f0 Thread added: 0x00000202f5650430
Event: 0.108 Thread 0x00000202ea16f5f0 Thread added: 0x00000202f5653420
Event: 0.108 Thread 0x00000202ea16f5f0 Thread added: 0x00000202f5659720
Event: 0.108 Thread 0x00000202ea16f5f0 Thread added: 0x00000202f5667580
Event: 0.108 Thread 0x00000202ea16f5f0 Thread added: 0x00000202f5670640
Event: 0.114 Thread 0x00000202f5667580 Thread added: 0x00000202f56faad0
Event: 0.114 Thread 0x00000202f5667580 Thread added: 0x00000202f56f9ae0
Event: 0.127 Thread 0x00000202ea16f5f0 Thread added: 0x00000202f58012c0
Event: 0.129 Thread 0x00000202ea16f5f0 Thread added: 0x00000202f5801a40
Event: 0.242 Thread 0x00000202f56f9ae0 Thread added: 0x00000202f56f85a0
Event: 1.724 Thread 0x00000202f56f9ae0 Thread added: 0x00000202f56fbac0
Event: 2.258 Thread 0x00000202f5667580 Thread added: 0x00000202f56f8af0
Event: 2.479 Thread 0x00000202ea16f5f0 Thread added: 0x00000202fac879b0
Event: 2.874 Thread 0x00000202f56fbac0 Thread exited: 0x00000202f56fbac0
Event: 2.874 Thread 0x00000202f56f85a0 Thread exited: 0x00000202f56f85a0
Event: 3.275 Thread 0x00000202f5667580 Thread added: 0x00000202f56fa030


Dynamic libraries:
0x00007ff6261b0000 - 0x00007ff6261be000 	C:\Program Files\Microsoft\jdk-17.0.14.7-hotspot\bin\java.exe
0x00007ffb414e0000 - 0x00007ffb41747000 	C:\WINDOWS\SYSTEM32\ntdll.dll
0x00007ffb40cd0000 - 0x00007ffb40d99000 	C:\WINDOWS\System32\KERNEL32.DLL
0x00007ffb3eac0000 - 0x00007ffb3eeb1000 	C:\WINDOWS\System32\KERNELBASE.dll
0x00007ffb3eec0000 - 0x00007ffb3f00b000 	C:\WINDOWS\System32\ucrtbase.dll
0x00007ffb31cf0000 - 0x00007ffb31d0d000 	C:\Program Files\Microsoft\jdk-17.0.14.7-hotspot\bin\VCRUNTIME140.dll
0x00007ffb305f0000 - 0x00007ffb30607000 	C:\Program Files\Microsoft\jdk-17.0.14.7-hotspot\bin\jli.dll
0x00007ffb40b00000 - 0x00007ffb40cc5000 	C:\WINDOWS\System32\USER32.dll
0x00007ffb247f0000 - 0x00007ffb24a83000 	C:\WINDOWS\WinSxS\amd64_microsoft.windows.common-controls_6595b64144ccf1df_6.0.26100.8037_none_3e092faae333b53b\COMCTL32.dll
0x00007ffb3e9d0000 - 0x00007ffb3e9f7000 	C:\WINDOWS\System32\win32u.dll
0x00007ffb41300000 - 0x00007ffb4132b000 	C:\WINDOWS\System32\GDI32.dll
0x00007ffb3f9f0000 - 0x00007ffb3fa99000 	C:\WINDOWS\System32\msvcrt.dll
0x00007ffb3f010000 - 0x00007ffb3f13b000 	C:\WINDOWS\System32\gdi32full.dll
0x00007ffb3ddc0000 - 0x00007ffb3de63000 	C:\WINDOWS\System32\msvcp_win.dll
0x00007ffb403e0000 - 0x00007ffb40411000 	C:\WINDOWS\System32\IMM32.DLL
0x00007ffb31ce0000 - 0x00007ffb31cec000 	C:\Program Files\Microsoft\jdk-17.0.14.7-hotspot\bin\vcruntime140_1.dll
0x00007ffb11a80000 - 0x00007ffb11b0d000 	C:\Program Files\Microsoft\jdk-17.0.14.7-hotspot\bin\msvcp140.dll
0x00007ffad1620000 - 0x00007ffad2292000 	C:\Program Files\Microsoft\jdk-17.0.14.7-hotspot\bin\server\jvm.dll
0x00007ffb40a40000 - 0x00007ffb40afb000 	C:\WINDOWS\System32\ADVAPI32.dll
0x00007ffb40250000 - 0x00007ffb402f7000 	C:\WINDOWS\System32\sechost.dll
0x00007ffb41020000 - 0x00007ffb41138000 	C:\WINDOWS\System32\RPCRT4.dll
0x00007ffb41270000 - 0x00007ffb412e4000 	C:\WINDOWS\System32\WS2_32.dll
0x00007ffb3c9c0000 - 0x00007ffb3ca1e000 	C:\WINDOWS\SYSTEM32\POWRPROF.dll
0x00007ffb31280000 - 0x00007ffb312b5000 	C:\WINDOWS\SYSTEM32\WINMM.dll
0x00007ffb2da70000 - 0x00007ffb2da7b000 	C:\WINDOWS\SYSTEM32\VERSION.dll
0x00007ffb3c9a0000 - 0x00007ffb3c9b4000 	C:\WINDOWS\SYSTEM32\UMPDC.dll
0x00007ffb3cc70000 - 0x00007ffb3cc8b000 	C:\WINDOWS\SYSTEM32\kernel.appcore.dll
0x00007ffb304a0000 - 0x00007ffb304aa000 	C:\Program Files\Microsoft\jdk-17.0.14.7-hotspot\bin\jimage.dll
0x00007ffb3bc40000 - 0x00007ffb3be82000 	C:\WINDOWS\SYSTEM32\DBGHELP.DLL
0x00007ffb3fdc0000 - 0x00007ffb40142000 	C:\WINDOWS\System32\combase.dll
0x00007ffb40300000 - 0x00007ffb403d7000 	C:\WINDOWS\System32\OLEAUT32.dll
0x00007ffb12250000 - 0x00007ffb1228b000 	C:\WINDOWS\SYSTEM32\dbgcore.DLL
0x00007ffb3f1d0000 - 0x00007ffb3f275000 	C:\WINDOWS\System32\bcryptPrimitives.dll
0x00007ffb30020000 - 0x00007ffb30045000 	C:\Program Files\Microsoft\jdk-17.0.14.7-hotspot\bin\java.dll
0x00007ffb0dbf0000 - 0x00007ffb0dcc7000 	C:\Program Files\Microsoft\jdk-17.0.14.7-hotspot\bin\jsvml.dll
0x00007ffb3f280000 - 0x00007ffb3f9df000 	C:\WINDOWS\System32\SHELL32.dll
0x00007ffb3e860000 - 0x00007ffb3e9ca000 	C:\WINDOWS\System32\wintypes.dll
0x00007ffb3dff0000 - 0x00007ffb3e854000 	C:\WINDOWS\System32\windows.storage.dll
0x00007ffb40150000 - 0x00007ffb40247000 	C:\WINDOWS\System32\SHCORE.dll
0x00007ffb3fcc0000 - 0x00007ffb3fd27000 	C:\WINDOWS\System32\shlwapi.dll
0x00007ffb3dce0000 - 0x00007ffb3dd09000 	C:\WINDOWS\SYSTEM32\profapi.dll
0x00007ffb30480000 - 0x00007ffb3049a000 	C:\Program Files\Microsoft\jdk-17.0.14.7-hotspot\bin\net.dll
0x00007ffb37c00000 - 0x00007ffb37d27000 	C:\WINDOWS\SYSTEM32\WINHTTP.dll
0x00007ffb3d1e0000 - 0x00007ffb3d24b000 	C:\WINDOWS\system32\mswsock.dll
0x00007ffb302e0000 - 0x00007ffb302f6000 	C:\Program Files\Microsoft\jdk-17.0.14.7-hotspot\bin\nio.dll
0x00007ffb2cc00000 - 0x00007ffb2cc18000 	C:\Program Files\Microsoft\jdk-17.0.14.7-hotspot\bin\zip.dll
0x00007ffb2cbf0000 - 0x00007ffb2cbfa000 	C:\Program Files\Microsoft\jdk-17.0.14.7-hotspot\bin\management.dll
0x00007ffb2cbe0000 - 0x00007ffb2cbeb000 	C:\Program Files\Microsoft\jdk-17.0.14.7-hotspot\bin\management_ext.dll
0x00007ffb41140000 - 0x00007ffb41148000 	C:\WINDOWS\System32\PSAPI.DLL
0x00007ffb2cbd0000 - 0x00007ffb2cbe0000 	C:\Program Files\Microsoft\jdk-17.0.14.7-hotspot\bin\verify.dll
0x00007ffb1fdb0000 - 0x00007ffb1fdd7000 	C:\Users\ather\.gradle\native\1def1411415f61bf3af743bc5b6707747c0891f09f0c88961ee8f79bc544acac\windows-amd64\native-platform.dll
0x00007ffb2cbc0000 - 0x00007ffb2cbca000 	C:\Users\ather\.gradle\native\jansi\1.18\windows64\jansi.dll
0x00007ffb3c630000 - 0x00007ffb3c663000 	C:\WINDOWS\SYSTEM32\IPHLPAPI.DLL
0x00007ffb41150000 - 0x00007ffb4115a000 	C:\WINDOWS\System32\NSI.dll
0x00007ffb37d60000 - 0x00007ffb37d7d000 	C:\WINDOWS\SYSTEM32\dhcpcsvc6.DLL
0x00007ffb37d30000 - 0x00007ffb37d53000 	C:\WINDOWS\SYSTEM32\dhcpcsvc.DLL
0x00007ffb3c680000 - 0x00007ffb3c7aa000 	C:\WINDOWS\SYSTEM32\DNSAPI.dll
0x00007ffb2a220000 - 0x00007ffb2a229000 	C:\Program Files\Microsoft\jdk-17.0.14.7-hotspot\bin\extnet.dll
0x00007ffb3d4c0000 - 0x00007ffb3d4db000 	C:\WINDOWS\SYSTEM32\CRYPTSP.dll
0x00007ffb3cbd0000 - 0x00007ffb3cc09000 	C:\WINDOWS\system32\rsaenh.dll
0x00007ffb3d290000 - 0x00007ffb3d2c2000 	C:\WINDOWS\SYSTEM32\USERENV.dll
0x00007ffb3dcb0000 - 0x00007ffb3dcda000 	C:\WINDOWS\SYSTEM32\bcrypt.dll
0x00007ffb3d4e0000 - 0x00007ffb3d4ec000 	C:\WINDOWS\SYSTEM32\CRYPTBASE.dll

dbghelp: loaded successfully - version: 4.0.5 - missing functions: none
symbol engine: initialized successfully - sym options: 0x614 - pdb path: .;C:\Program Files\Microsoft\jdk-17.0.14.7-hotspot\bin;C:\WINDOWS\SYSTEM32;C:\WINDOWS\WinSxS\amd64_microsoft.windows.common-controls_6595b64144ccf1df_6.0.26100.8037_none_3e092faae333b53b;C:\Program Files\Microsoft\jdk-17.0.14.7-hotspot\bin\server;C:\Users\ather\.gradle\native\1def1411415f61bf3af743bc5b6707747c0891f09f0c88961ee8f79bc544acac\windows-amd64;C:\Users\ather\.gradle\native\jansi\1.18\windows64

VM Arguments:
jvm_args: -Xmx64m -Xms64m -Dorg.gradle.appname=gradlew 
java_command: D:\Project\GuardConnect\android\\gradle\wrapper\gradle-wrapper.jar app:installDebug -PreactNativeDevServerPort=8081
java_class_path (initial): D:\Project\GuardConnect\android\\gradle\wrapper\gradle-wrapper.jar
Launcher Type: SUN_STANDARD

[Global flags]
     intx CICompilerCount                          = 12                                        {product} {ergonomic}
     uint ConcGCThreads                            = 3                                         {product} {ergonomic}
     uint G1ConcRefinementThreads                  = 13                                        {product} {ergonomic}
   size_t G1HeapRegionSize                         = 1048576                                   {product} {ergonomic}
    uintx GCDrainStackTargetSize                   = 64                                        {product} {ergonomic}
   size_t InitialHeapSize                          = 67108864                                  {product} {command line}
   size_t MarkStackSize                            = 4194304                                   {product} {ergonomic}
   size_t MaxHeapSize                              = 67108864                                  {product} {command line}
   size_t MaxNewSize                               = 39845888                                  {product} {ergonomic}
   size_t MinHeapDeltaBytes                        = 1048576                                   {product} {ergonomic}
   size_t MinHeapSize                              = 67108864                                  {product} {command line}
    uintx NonNMethodCodeHeapSize                   = 7602480                                {pd product} {ergonomic}
    uintx NonProfiledCodeHeapSize                  = 122027880                              {pd product} {ergonomic}
    uintx ProfiledCodeHeapSize                     = 122027880                              {pd product} {ergonomic}
    uintx ReservedCodeCacheSize                    = 251658240                              {pd product} {ergonomic}
     bool SegmentedCodeCache                       = true                                      {product} {ergonomic}
   size_t SoftMaxHeapSize                          = 67108864                               {manageable} {ergonomic}
     bool UseCompressedClassPointers               = true                           {product lp64_product} {ergonomic}
     bool UseCompressedOops                        = true                           {product lp64_product} {ergonomic}
     bool UseG1GC                                  = true                                      {product} {ergonomic}
     bool UseLargePagesIndividualAllocation        = false                                  {pd product} {ergonomic}

Logging:
Log output configuration:
 #0: stdout all=warning uptime,level,tags
 #1: stderr all=off uptime,level,tags

Environment Variables:
JAVA_HOME=C:\Program Files\Microsoft\jdk-17.0.14.7-hotspot\
PATH=D:\Project\GuardConnect\node_modules\.bin;D:\Project\GuardConnect\node_modules\.bin;D:\Project\node_modules\.bin;D:\node_modules\.bin;C:\Users\ather\AppData\Roaming\npm\node_modules\npm\node_modules\@npmcli\run-script\lib\node-gyp-bin;C:\Users\ather\bin;C:\Program Files\Git\mingw64\bin;C:\Program Files\Git\usr\local\bin;C:\Program Files\Git\usr\bin;C:\Program Files\Git\usr\bin;C:\Program Files\Git\mingw64\bin;C:\Program Files\Git\usr\bin;C:\Users\ather\bin;C:\Program Files\Microsoft\jdk-17.0.14.7-hotspot\bin;C:\WINDOWS\system32;C:\WINDOWS;C:\WINDOWS\System32\Wbem;C:\WINDOWS\System32\WindowsPowerShell\v1.0;C:\WINDOWS\System32\OpenSSH;C:\ProgramData\chocolatey\bin;C:\Program Files\nodejs;C:\Users\ather\AppData\Local\Android\Sdk\platform-tools;C:\Program Files\Git\cmd;C:\MinGW\bin;C:\Users\ather\AppData\Local\Microsoft\WindowsApps;C:\Users\ather\AppData\Local\Programs\Microsoft VS Code\bin;C:\Users\ather\AppData\Roaming\npm;C:\Users\ather\AppData\Local\Android\Sdk\platform-tools;C:\Program Files\Git\usr\bin\vendor_perl;C:\Program Files\Git\usr\bin\core_perl
USERNAME=ather
SHELL=C:\Program Files\Git\usr\bin\bash.exe
DISPLAY=needs-to-be-defined
LANG=en_US.UTF-8
LC_CTYPE=en_GB.UTF-8
TERM=xterm
TMPDIR=C:\Users\ather\AppData\Local\Temp
OS=Windows_NT
PROCESSOR_IDENTIFIER=AMD64 Family 25 Model 117 Stepping 2, AuthenticAMD
TMP=C:\Users\ather\AppData\Local\Temp
TEMP=C:\Users\ather\AppData\Local\Temp



Periodic native trim disabled


---------------  S Y S T E M  ---------------

OS:
 Windows 11 , 64 bit Build 26100 (10.0.26100.7920)
OS uptime: 6 days 6:22 hours
Hyper-V role detected

CPU: total 16 (initial active 16) (16 cores per cpu, 2 threads per core) family 25 model 117 stepping 2 microcode 0xa70520a, cx8, cmov, fxsr, ht, mmx, 3dnowpref, sse, sse2, sse3, ssse3, sse4a, sse4.1, sse4.2, popcnt, lzcnt, tsc, tscinvbit, avx, avx2, aes, erms, clmul, bmi1, bmi2, adx, avx512f, avx512dq, avx512cd, avx512bw, avx512vl, sha, fma, vzeroupper, avx512_vpopcntdq, avx512_vpclmulqdq, avx512_vaes, avx512_vnni, clflush, clflushopt, avx512_vbmi2, avx512_vbmi, hv
Processor Information for the first 16 processors :
  Max Mhz: 3301, Current Mhz: 2515, Mhz Limit: 3301

Memory: 4k page, system-wide physical 15662M (586M free)
TotalPageFile size 51454M (AvailPageFile size 12M)
current process WorkingSet (physical memory assigned to process): 108M, peak: 114M
current process commit charge ("private bytes"): 180M, peak: 186M

vm_info: OpenJDK 64-Bit Server VM (17.0.14+7-LTS) for windows-amd64 JRE (17.0.14+7-LTS), built on Jan  8 2025 23:39:28 by "MicrosoftCorporation" with unknown MS VC++:1939

END.
